Flutter crash report; please file at https://github.com/flutter/flutter/issues.

## command

flutter build bundle --target C:\Users\saugatpc\Desktop\Officeprj-1\lib\main.dart --target-platform android-arm64 --filesystem-scheme org-dartlang-root --depfile C:\Users\saugatpc\Desktop\Officeprj-1\build\app\intermediates\flutter\debug\android-arm64/snapshot_blob.bin.d --asset-dir C:\Users\saugatpc\Desktop\Officeprj-1\build\app\intermediates\flutter\debug\android-arm64/flutter_assets --debug

## exception

FormatException: FormatException: Same package name occured twice. (at offset 4847)

```
#0      parse (package:package_config/packages_file.dart:67:7)
#1      _parse (package:flutter_tools/src/dart/package_map.dart:14:10)
#2      PackageMap.load (package:flutter_tools/src/dart/package_map.dart:37:14)
#3      PackageMap.map (package:flutter_tools/src/dart/package_map.dart:41:5)
#4      new PackageUriMapper (package:flutter_tools/src/compile.dart:166:84)
#5      PackageUriMapper.findUri (package:flutter_tools/src/compile.dart:207:12)
#6      KernelCompiler.compile (package:flutter_tools/src/compile.dart:268:34)
<asynchronous suspension>
#7      BundleBuilder.build (package:flutter_tools/src/bundle.dart:86:66)
<asynchronous suspension>
#8      BuildBundleCommand.runCommand (package:flutter_tools/src/commands/build_bundle.dart:119:25)
<asynchronous suspension>
#9      FlutterCommand.verifyThenRunCommand (package:flutter_tools/src/runner/flutter_command.dart:490:18)
<asynchronous suspension>
#10     FlutterCommand.run.<anonymous closure> (package:flutter_tools/src/runner/flutter_command.dart:407:33)
<asynchronous suspension>
#11     AppContext.run.<anonymous closure> (package:flutter_tools/src/base/context.dart:154:29)
<asynchronous suspension>
#12     _rootRun (dart:async/zone.dart:1124:13)
#13     _CustomZone.run (dart:async/zone.dart:1021:19)
#14     _runZoned (dart:async/zone.dart:1516:10)
#15     runZoned (dart:async/zone.dart:1463:12)
#16     AppContext.run (package:flutter_tools/src/base/context.dart:153:18)
<asynchronous suspension>
#17     FlutterCommand.run (package:flutter_tools/src/runner/flutter_command.dart:397:20)
#18     CommandRunner.runCommand (package:args/command_runner.dart:197:27)
<asynchronous suspension>
#19     FlutterCommandRunner.runCommand.<anonymous closure> (package:flutter_tools/src/runner/flutter_command_runner.dart:402:21)
<asynchronous suspension>
#20     AppContext.run.<anonymous closure> (package:flutter_tools/src/base/context.dart:154:29)
<asynchronous suspension>
#21     _rootRun (dart:async/zone.dart:1124:13)
#22     _CustomZone.run (dart:async/zone.dart:1021:19)
#23     _runZoned (dart:async/zone.dart:1516:10)
#24     runZoned (dart:async/zone.dart:1463:12)
#25     AppContext.run (package:flutter_tools/src/base/context.dart:153:18)
<asynchronous suspension>
#26     FlutterCommandRunner.runCommand (package:flutter_tools/src/runner/flutter_command_runner.dart:356:19)
<asynchronous suspension>
#27     CommandRunner.run.<anonymous closure> (package:args/command_runner.dart:112:25)
#28     new Future.sync (dart:async/future.dart:224:31)
#29     CommandRunner.run (package:args/command_runner.dart:112:14)
#30     FlutterCommandRunner.run (package:flutter_tools/src/runner/flutter_command_runner.dart:242:18)
#31     run.<anonymous closure>.<anonymous closure> (package:flutter_tools/runner.dart:63:22)
<asynchronous suspension>
#32     _rootRun (dart:async/zone.dart:1124:13)
#33     _CustomZone.run (dart:async/zone.dart:1021:19)
#34     _runZoned (dart:async/zone.dart:1516:10)
#35     runZoned (dart:async/zone.dart:1500:12)
#36     run.<anonymous closure> (package:flutter_tools/runner.dart:61:18)
<asynchronous suspension>
#37     AppContext.run.<anonymous closure> (package:flutter_tools/src/base/context.dart:154:29)
<asynchronous suspension>
#38     _rootRun (dart:async/zone.dart:1124:13)
#39     _CustomZone.run (dart:async/zone.dart:1021:19)
#40     _runZoned (dart:async/zone.dart:1516:10)
#41     runZoned (dart:async/zone.dart:1463:12)
#42     AppContext.run (package:flutter_tools/src/base/context.dart:153:18)
<asynchronous suspension>
#43     runInContext (package:flutter_tools/src/context_runner.dart:59:24)
<asynchronous suspension>
#44     run (package:flutter_tools/runner.dart:50:10)
#45     main (package:flutter_tools/executable.dart:65:9)
<asynchronous suspension>
#46     main (file:///C:/Users/saugatpc/Desktop/flutter/packages/flutter_tools/bin/flutter_tools.dart:8:3)
#47     _startIsolate.<anonymous closure> (dart:isolate-patch/isolate_patch.dart:303:32)
#48     _RawReceivePortImpl._handleMessage (dart:isolate-patch/isolate_patch.dart:172:12)
```

## flutter doctor

```
[✓] Flutter (Channel stable, v1.9.1+hotfix.6, on Microsoft Windows [Version 10.0.17763.864], locale en-US)
    • Flutter version 1.9.1+hotfix.6 at C:\Users\saugatpc\Desktop\flutter
    • Framework revision 68587a0916 (3 months ago), 2019-09-13 19:46:58 -0700
    • Engine revision b863200c37
    • Dart version 2.5.0

[!] Android toolchain - develop for Android devices (Android SDK version 29.0.2)
    • Android SDK at C:\Users\saugatpc\AppData\Local\Android\Sdk
    • Android NDK location not configured (optional; useful for native profiling support)
    • Platform android-29, build-tools 29.0.2
    • Java binary at: C:\Program Files\Android\Android Studio1\jre\bin\java
    • Java version OpenJDK Runtime Environment (build 1.8.0_152-release-1343-b01)
    ! Some Android licenses not accepted.  To resolve this, run: flutter doctor --android-licenses

[✓] Android Studio (version 3.4)
    • Android Studio at C:\Program Files\Android\Android Studio1
    • Flutter plugin version 38.2.1
    • Dart plugin version 183.6270
    • Java version OpenJDK Runtime Environment (build 1.8.0_152-release-1343-b01)

[✓] VS Code (version 1.40.2)
    • VS Code at C:\Users\saugatpc\AppData\Local\Programs\Microsoft VS Code
    • Flutter extension version 3.7.0

[✓] Connected device (1 available)
    • SM A205F • RZ8M54439RT • android-arm64 • Android 9 (API 28)

! Doctor found issues in 1 category.
```
